<?xml version="1.0" encoding="UTF-8"?>
<!-- Generated by org.testng.reporters.JUnitReportReporter -->
<testsuite skipped="0" hostname="Lenovo-PC" name="drivers.Driver_Class" tests="1" failures="0" timestamp="27 Jan 2018 18:33:38 GMT" time="13.102" errors="0">
  <testcase name="initialization" time="13.102" classname="drivers.Driver_Class"/>
</testsuite> <!-- drivers.Driver_Class -->
